<?xml version="1.0" encoding="UTF-8"?>
<!-- Generated by org.testng.reporters.JUnitReportReporter -->
<testsuite hostname="tjahnavi" failures="0" tests="2" name="testscripts.CreateBusinessOpportunity" time="710.163" errors="0" timestamp="2025-01-21T15:07:09 IST" skipped="0">
  <testcase classname="testscripts.CreateBusinessOpportunity" name="createBusinessAccTest" time="416.433"/>
  <system-out/>
  <testcase classname="testscripts.CreateBusinessOpportunity" name="createBusinessOpportunityTest" time="293.730"/>
  <system-out/>
</testsuite> <!-- testscripts.CreateBusinessOpportunity -->
