<?xml version="1.0" encoding="UTF-8"?>
<!-- Generated by org.testng.reporters.JUnitReportReporter -->
<testsuite hostname="tjahnavi" failures="0" tests="1" name="testscripts.CreateBusinessAcc" time="73.938" errors="0" timestamp="2024-12-05T00:44:57 IST" skipped="0">
  <testcase classname="testscripts.CreateBusinessAcc" name="createBusinessAccTest" time="73.938"/>
  <system-out/>
</testsuite> <!-- testscripts.CreateBusinessAcc -->
