<?xml version="1.0" encoding="UTF-8"?>
<!-- Generated by org.testng.reporters.JUnitReportReporter -->
<testsuite hostname="tjahnavi" failures="0" tests="2" name="testscripts.CreatePersonalBidderOpportunity" time="182.876" errors="0" timestamp="2024-12-13T16:08:07 IST" skipped="0">
  <testcase classname="testscripts.CreatePersonalBidderOpportunity" name="createPersonalBidderTest" time="79.327"/>
  <system-out/>
  <testcase classname="testscripts.CreatePersonalBidderOpportunity" name="createPersonalAccTest" time="103.549"/>
  <system-out/>
</testsuite> <!-- testscripts.CreatePersonalBidderOpportunity -->
