<?xml version="1.0" encoding="UTF-8"?>
<!-- Generated by org.testng.reporters.JUnitReportReporter -->
<testsuite hostname="tjahnavi" failures="0" tests="2" name="testscripts.CreateBusinessOpportunity" time="588.996" errors="0" timestamp="2025-01-09T14:02:34 IST" skipped="0">
  <testcase classname="testscripts.CreateBusinessOpportunity" name="createBusinessOpportunityTest" time="262.390"/>
  <system-out/>
  <testcase classname="testscripts.CreateBusinessOpportunity" name="createBusinessAccTest" time="326.606"/>
  <system-out/>
</testsuite> <!-- testscripts.CreateBusinessOpportunity -->
