<?xml version="1.0" encoding="UTF-8"?>
<!-- Generated by org.testng.reporters.JUnitReportReporter -->
<testsuite hostname="tjahnavi" failures="0" tests="2" name="testscripts.CreatePersonalOpportunity" time="568.628" errors="0" timestamp="2025-01-21T14:34:39 IST" skipped="0">
  <testcase classname="testscripts.CreatePersonalOpportunity" name="createPersonalOpportunityTest" time="279.122"/>
  <system-out/>
  <testcase classname="testscripts.CreatePersonalOpportunity" name="createPersonalAccTest" time="289.506"/>
  <system-out/>
</testsuite> <!-- testscripts.CreatePersonalOpportunity -->
