<?xml version="1.0" encoding="UTF-8"?>
<!-- Generated by org.testng.reporters.JUnitReportReporter -->
<testsuite hostname="tjahnavi" failures="0" tests="2" name="testscripts.CreatePersonalOpportunity" time="480.124" errors="0" timestamp="2025-01-09T13:24:52 IST" skipped="0">
  <testcase classname="testscripts.CreatePersonalOpportunity" name="createPersonalAccTest" time="228.549"/>
  <system-out/>
  <testcase classname="testscripts.CreatePersonalOpportunity" name="createPersonalOpportunityTest" time="251.575"/>
  <system-out/>
</testsuite> <!-- testscripts.CreatePersonalOpportunity -->
