<?xml version="1.0" encoding="UTF-8"?>
<!-- Generated by org.testng.reporters.JUnitReportReporter -->
<testsuite hostname="tjahnavi" failures="0" tests="2" name="testscripts.CreateBusinessBidderOpportunity" time="812.249" errors="0" timestamp="2024-12-06T12:35:25 IST" skipped="0">
  <testcase classname="testscripts.CreateBusinessBidderOpportunity" name="createBusinessAccTest" time="444.056"/>
  <system-out/>
  <testcase classname="testscripts.CreateBusinessBidderOpportunity" name="createBusinessBidderOpportunityTest" time="368.193"/>
  <system-out/>
</testsuite> <!-- testscripts.CreateBusinessBidderOpportunity -->
