<?xml version="1.0" encoding="UTF-8"?>
<!-- Generated by org.testng.reporters.JUnitReportReporter -->
<testsuite hostname="tjahnavi" failures="0" tests="1" name="testscripts.CreateOpportunity" time="91.138" errors="0" timestamp="2024-11-19T18:56:05 IST" skipped="0">
  <testcase classname="testscripts.CreateOpportunity" name="createOpportunityTest" time="91.138"/>
  <system-out/>
</testsuite> <!-- testscripts.CreateOpportunity -->
