<?xml version="1.0" encoding="UTF-8"?>
<!-- Generated by org.testng.reporters.JUnitReportReporter -->
<testsuite hostname="tjahnavi" failures="0" tests="1" name="testscripts.SignIn" time="0.009" errors="0" timestamp="2024-11-20T20:08:58 IST" skipped="0">
  <testcase classname="testscripts.SignIn" name="SignInTest" time="0.009"/>
  <system-out/>
</testsuite> <!-- testscripts.SignIn -->
