<?xml version="1.0" encoding="UTF-8"?>
<!-- Generated by org.testng.reporters.JUnitReportReporter -->
<testsuite hostname="tjahnavi" failures="0" tests="1" name="testscripts.CreatePersonalBidder" time="373.601" errors="0" timestamp="2024-12-05T18:49:26 IST" skipped="0">
  <testcase classname="testscripts.CreatePersonalBidder" name="createPersonalBidderTest" time="373.601"/>
  <system-out/>
</testsuite> <!-- testscripts.CreatePersonalBidder -->
