<?xml version="1.0" encoding="UTF-8"?>
<!-- Generated by org.testng.reporters.JUnitReportReporter -->
<testsuite hostname="tjahnavi" failures="0" tests="2" name="testscripts.CreateDealerBidderOpportunity" time="577.518" errors="0" timestamp="2024-12-06T13:03:11 IST" skipped="0">
  <testcase classname="testscripts.CreateDealerBidderOpportunity" name="createDealerAccTest" time="366.898"/>
  <system-out/>
  <testcase classname="testscripts.CreateDealerBidderOpportunity" name="createDealerBidderOpportunityTest" time="210.620"/>
  <system-out/>
</testsuite> <!-- testscripts.CreateDealerBidderOpportunity -->
