<?xml version="1.0" encoding="UTF-8"?>
<!-- Generated by org.testng.reporters.JUnitReportReporter -->
<testsuite hostname="tjahnavi" failures="0" tests="2" name="testscripts.CreateDealerOpportunity" time="585.461" errors="0" timestamp="2024-12-05T15:14:09 IST" skipped="0">
  <testcase classname="testscripts.CreateDealerOpportunity" name="createDealerOpportunityTest" time="221.758"/>
  <system-out/>
  <testcase classname="testscripts.CreateDealerOpportunity" name="createDealerAccTest" time="363.703"/>
  <system-out/>
</testsuite> <!-- testscripts.CreateDealerOpportunity -->
