<?xml version="1.0" encoding="UTF-8"?>
<!-- Generated by org.testng.reporters.JUnitReportReporter -->
<testsuite hostname="tjahnavi" failures="0" tests="1" name="testscripts.CreatePersonalAcc" time="239.128" errors="0" timestamp="2025-01-17T20:17:57 IST" skipped="0">
  <testcase classname="testscripts.CreatePersonalAcc" name="createPersonalAccTest" time="239.128"/>
  <system-out/>
</testsuite> <!-- testscripts.CreatePersonalAcc -->
