<?xml version="1.0" encoding="UTF-8"?>
<!-- Generated by org.testng.reporters.JUnitReportReporter -->
<testsuite hostname="tjahnavi" failures="0" tests="1" name="testscripts.PersonalForm" time="73.457" errors="0" timestamp="2024-11-18T13:58:26 IST" skipped="0">
  <testcase classname="testscripts.PersonalForm" name="personalFormTest" time="73.457"/>
  <system-out/>
</testsuite> <!-- testscripts.PersonalForm -->
