<?xml version="1.0" encoding="UTF-8"?>
<!-- Generated by org.testng.reporters.JUnitReportReporter -->
<testsuite hostname="tjahnavi" failures="0" tests="1" name="testscripts.CreateDealerAcc" time="254.956" errors="0" timestamp="2024-12-05T00:52:59 IST" skipped="0">
  <testcase classname="testscripts.CreateDealerAcc" name="createDealerAccTest" time="254.956"/>
  <system-out/>
</testsuite> <!-- testscripts.CreateDealerAcc -->
