<?xml version="1.0" encoding="UTF-8"?>
<!-- Generated by org.testng.reporters.JUnitReportReporter -->
<testsuite hostname="tjahnavi" failures="0" tests="2" name="testscripts.CreateDealerOpportunity" time="790.181" errors="0" timestamp="2025-01-21T16:26:25 IST" skipped="0">
  <testcase classname="testscripts.CreateDealerOpportunity" name="createDealerOpportunityTest" time="304.411"/>
  <system-out/>
  <testcase classname="testscripts.CreateDealerOpportunity" name="createDealerAccTest" time="485.770"/>
  <system-out/>
</testsuite> <!-- testscripts.CreateDealerOpportunity -->
